sources/rfc-3339.err errors


== Metanorma XML Style Warning

(XML Line 000231): Hanging paragraph in clause
	<clause id="local-time" inline-header="false" obligation="normative"><title>Local Time</title><clause id="_coordinated_universal_time_utc" inline-header="false" obligation="normative">
	<title>Coordinated Universal Time (UTC)</title>
	<p id="_988b16d2-03c2-44c7-8d2f-1b1642336b14">Because the daylight saving rules for local time zones are so
	convoluted and can change based on local law at unpredictable times,
	true interoperability is best achieved by using Coordinated Universal
(XML Line 000294): Hanging paragraph in clause
	<clause id="date-time-format" inline-header="false" obligation="normative"><title>Date and Time format</title><p id="_37613dec-8fe8-4f85-9f06-978d6e9d217b">This section discusses desirable qualities of date and time formats
	and defines a format that extends the profile of ISO 8601 for use in
	Internet protocols.</p>
	<clause id="_ordering" inline-header="false" obligation="normative">
	<title>Ordering</title>


== Metanorma XML Syntax

(XML Line 000067:12): element "workgroup" not allowed here; expected the element end-tag or element "committee"
(XML Line 000416:31): attribute "valign" not allowed here; expected attribute "align", "colspan" or "rowspan"
(XML Line 000417:31): attribute "valign" not allowed here; expected attribute "align", "colspan" or "rowspan"
(XML Line 000418:31): attribute "valign" not allowed here; expected attribute "align", "colspan" or "rowspan"
(XML Line 000423:31): attribute "valign" not allowed here; expected attribute "align", "colspan" or "rowspan"
(XML Line 000424:31): attribute "valign" not allowed here; expected attribute "align", "colspan" or "rowspan"
(XML Line 000425:31): attribute "valign" not allowed here; expected attribute "align", "colspan" or "rowspan"
(XML Line 000428:31): attribute "valign" not allowed here; expected attribute "align", "colspan" or "rowspan"
(XML Line 000429:31): attribute "valign" not allowed here; expected attribute "align", "colspan" or "rowspan"
(XML Line 000430:31): attribute "valign" not allowed here; expected attribute "align", "colspan" or "rowspan"
(XML Line 000433:31): attribute "valign" not allowed here; expected attribute "align", "colspan" or "rowspan"
(XML Line 000434:31): attribute "valign" not allowed here; expected attribute "align", "colspan" or "rowspan"
(XML Line 000435:31): attribute "valign" not allowed here; expected attribute "align", "colspan" or "rowspan"
(XML Line 000438:31): attribute "valign" not allowed here; expected attribute "align", "colspan" or "rowspan"
(XML Line 000439:31): attribute "valign" not allowed here; expected attribute "align", "colspan" or "rowspan"
(XML Line 000440:31): attribute "valign" not allowed here; expected attribute "align", "colspan" or "rowspan"
(XML Line 000443:31): attribute "valign" not allowed here; expected attribute "align", "colspan" or "rowspan"
(XML Line 000444:31): attribute "valign" not allowed here; expected attribute "align", "colspan" or "rowspan"
(XML Line 000445:31): attribute "valign" not allowed here; expected attribute "align", "colspan" or "rowspan"
(XML Line 000448:31): attribute "valign" not allowed here; expected attribute "align", "colspan" or "rowspan"
(XML Line 000449:31): attribute "valign" not allowed here; expected attribute "align", "colspan" or "rowspan"
(XML Line 000450:31): attribute "valign" not allowed here; expected attribute "align", "colspan" or "rowspan"
(XML Line 000453:31): attribute "valign" not allowed here; expected attribute "align", "colspan" or "rowspan"
(XML Line 000454:31): attribute "valign" not allowed here; expected attribute "align", "colspan" or "rowspan"
(XML Line 000455:31): attribute "valign" not allowed here; expected attribute "align", "colspan" or "rowspan"
(XML Line 000458:31): attribute "valign" not allowed here; expected attribute "align", "colspan" or "rowspan"
(XML Line 000459:31): attribute "valign" not allowed here; expected attribute "align", "colspan" or "rowspan"
(XML Line 000460:31): attribute "valign" not allowed here; expected attribute "align", "colspan" or "rowspan"
(XML Line 000463:31): attribute "valign" not allowed here; expected attribute "align", "colspan" or "rowspan"
(XML Line 000464:31): attribute "valign" not allowed here; expected attribute "align", "colspan" or "rowspan"
(XML Line 000465:31): attribute "valign" not allowed here; expected attribute "align", "colspan" or "rowspan"
(XML Line 000468:31): attribute "valign" not allowed here; expected attribute "align", "colspan" or "rowspan"
(XML Line 000469:31): attribute "valign" not allowed here; expected attribute "align", "colspan" or "rowspan"
(XML Line 000470:31): attribute "valign" not allowed here; expected attribute "align", "colspan" or "rowspan"
(XML Line 000473:31): attribute "valign" not allowed here; expected attribute "align", "colspan" or "rowspan"
(XML Line 000474:31): attribute "valign" not allowed here; expected attribute "align", "colspan" or "rowspan"
(XML Line 000475:31): attribute "valign" not allowed here; expected attribute "align", "colspan" or "rowspan"
(XML Line 000478:31): attribute "valign" not allowed here; expected attribute "align", "colspan" or "rowspan"
(XML Line 000479:31): attribute "valign" not allowed here; expected attribute "align", "colspan" or "rowspan"
(XML Line 000480:31): attribute "valign" not allowed here; expected attribute "align", "colspan" or "rowspan"
(XML Line 000483:31): attribute "valign" not allowed here; expected attribute "align", "colspan" or "rowspan"
(XML Line 000484:31): attribute "valign" not allowed here; expected attribute "align", "colspan" or "rowspan"
(XML Line 000485:31): attribute "valign" not allowed here; expected attribute "align", "colspan" or "rowspan"
(XML Line 000562:76): attribute "inline-header" not allowed here; expected attribute "language", "numbered", "obligation", "removeInRFC", "script" or "toc"
(XML Line 000652:73): attribute "inline-header" not allowed here; expected attribute "language", "numbered", "obligation", "removeInRFC", "script" or "toc"
(XML Line 000675:73): attribute "inline-header" not allowed here; expected attribute "language", "numbered", "obligation", "removeInRFC", "script" or "toc"
(XML Line 000683:73): attribute "inline-header" not allowed here; expected attribute "language", "numbered", "obligation", "removeInRFC", "script" or "toc"
(XML Line 000708:31): attribute "valign" not allowed here; expected attribute "align", "colspan" or "rowspan"
(XML Line 000709:31): attribute "valign" not allowed here; expected attribute "align", "colspan" or "rowspan"
(XML Line 000714:31): attribute "valign" not allowed here; expected attribute "align", "colspan" or "rowspan"
(XML Line 000715:31): attribute "valign" not allowed here; expected attribute "align", "colspan" or "rowspan"
(XML Line 000718:31): attribute "valign" not allowed here; expected attribute "align", "colspan" or "rowspan"
(XML Line 000719:31): attribute "valign" not allowed here; expected attribute "align", "colspan" or "rowspan"
(XML Line 000722:31): attribute "valign" not allowed here; expected attribute "align", "colspan" or "rowspan"
(XML Line 000723:31): attribute "valign" not allowed here; expected attribute "align", "colspan" or "rowspan"
(XML Line 000726:31): attribute "valign" not allowed here; expected attribute "align", "colspan" or "rowspan"
(XML Line 000727:31): attribute "valign" not allowed here; expected attribute "align", "colspan" or "rowspan"
(XML Line 000730:31): attribute "valign" not allowed here; expected attribute "align", "colspan" or "rowspan"
(XML Line 000731:31): attribute "valign" not allowed here; expected attribute "align", "colspan" or "rowspan"
(XML Line 000734:31): attribute "valign" not allowed here; expected attribute "align", "colspan" or "rowspan"
(XML Line 000735:31): attribute "valign" not allowed here; expected attribute "align", "colspan" or "rowspan"
(XML Line 000738:31): attribute "valign" not allowed here; expected attribute "align", "colspan" or "rowspan"
(XML Line 000739:31): attribute "valign" not allowed here; expected attribute "align", "colspan" or "rowspan"
(XML Line 000742:31): attribute "valign" not allowed here; expected attribute "align", "colspan" or "rowspan"
(XML Line 000743:31): attribute "valign" not allowed here; expected attribute "align", "colspan" or "rowspan"
(XML Line 000746:31): attribute "valign" not allowed here; expected attribute "align", "colspan" or "rowspan"
(XML Line 000747:31): attribute "valign" not allowed here; expected attribute "align", "colspan" or "rowspan"
(XML Line 000750:31): attribute "valign" not allowed here; expected attribute "align", "colspan" or "rowspan"
(XML Line 000751:31): attribute "valign" not allowed here; expected attribute "align", "colspan" or "rowspan"
(XML Line 000754:31): attribute "valign" not allowed here; expected attribute "align", "colspan" or "rowspan"
(XML Line 000755:31): attribute "valign" not allowed here; expected attribute "align", "colspan" or "rowspan"
(XML Line 000758:31): attribute "valign" not allowed here; expected attribute "align", "colspan" or "rowspan"
(XML Line 000759:31): attribute "valign" not allowed here; expected attribute "align", "colspan" or "rowspan"
(XML Line 000762:31): attribute "valign" not allowed here; expected attribute "align", "colspan" or "rowspan"
(XML Line 000763:31): attribute "valign" not allowed here; expected attribute "align", "colspan" or "rowspan"
(XML Line 000766:31): attribute "valign" not allowed here; expected attribute "align", "colspan" or "rowspan"
(XML Line 000767:31): attribute "valign" not allowed here; expected attribute "align", "colspan" or "rowspan"
(XML Line 000770:31): attribute "valign" not allowed here; expected attribute "align", "colspan" or "rowspan"
(XML Line 000771:31): attribute "valign" not allowed here; expected attribute "align", "colspan" or "rowspan"
(XML Line 000774:31): attribute "valign" not allowed here; expected attribute "align", "colspan" or "rowspan"
(XML Line 000775:31): attribute "valign" not allowed here; expected attribute "align", "colspan" or "rowspan"
(XML Line 000778:31): attribute "valign" not allowed here; expected attribute "align", "colspan" or "rowspan"
(XML Line 000779:31): attribute "valign" not allowed here; expected attribute "align", "colspan" or "rowspan"
(XML Line 000782:31): attribute "valign" not allowed here; expected attribute "align", "colspan" or "rowspan"
(XML Line 000783:31): attribute "valign" not allowed here; expected attribute "align", "colspan" or "rowspan"
(XML Line 000786:31): attribute "valign" not allowed here; expected attribute "align", "colspan" or "rowspan"
(XML Line 000787:31): attribute "valign" not allowed here; expected attribute "align", "colspan" or "rowspan"
(XML Line 000790:31): attribute "valign" not allowed here; expected attribute "align", "colspan" or "rowspan"
(XML Line 000791:31): attribute "valign" not allowed here; expected attribute "align", "colspan" or "rowspan"
(XML Line 000794:31): attribute "valign" not allowed here; expected attribute "align", "colspan" or "rowspan"
(XML Line 000795:31): attribute "valign" not allowed here; expected attribute "align", "colspan" or "rowspan"
(XML Line 000798:31): attribute "valign" not allowed here; expected attribute "align", "colspan" or "rowspan"
(XML Line 000799:31): attribute "valign" not allowed here; expected attribute "align", "colspan" or "rowspan"
